c:\users\paweł\documents\visual studio 2015\projects\sfmlproject1\sfml project 2\debug\vc140.pdb
c:\users\paweł\documents\visual studio 2015\projects\sfmlproject1\sfml project 2\debug\vc140.idb
c:\users\paweł\documents\visual studio 2015\projects\sfmlproject1\sfml project 2\debug\background.obj
c:\users\paweł\documents\visual studio 2015\projects\sfmlproject1\sfml project 2\debug\enemy.obj
c:\users\paweł\documents\visual studio 2015\projects\sfmlproject1\sfml project 2\debug\gameobject.obj
c:\users\paweł\documents\visual studio 2015\projects\sfmlproject1\sfml project 2\debug\ladder.obj
c:\users\paweł\documents\visual studio 2015\projects\sfmlproject1\sfml project 2\debug\platform.obj
c:\users\paweł\documents\visual studio 2015\projects\sfmlproject1\sfml project 2\debug\portal.obj
c:\users\paweł\documents\visual studio 2015\projects\sfmlproject1\sfml project 2\debug\main.obj
c:\users\paweł\documents\visual studio 2015\projects\sfmlproject1\sfml project 2\debug\player.obj
c:\users\paweł\documents\visual studio 2015\projects\sfmlproject1\sfml project 2\debug\transformablegameobject.obj
c:\users\paweł\documents\visual studio 2015\projects\sfmlproject1\sfml project 2\debug\location.obj
c:\users\paweł\documents\visual studio 2015\projects\sfmlproject1\sfml project 2\debug\physicalgameobject.obj
c:\users\paweł\documents\visual studio 2015\projects\sfmlproject1\sfml project 2\debug\enemydatabase.obj
c:\users\paweł\documents\visual studio 2015\projects\sfmlproject1\sfml project 2\debug\item.obj
c:\users\paweł\documents\visual studio 2015\projects\sfmlproject1\sfml project 2\debug\itemdatabase.obj
c:\users\paweł\documents\visual studio 2015\projects\sfmlproject1\sfml project 2\debug\playerhud.obj
c:\users\paweł\documents\visual studio 2015\projects\sfmlproject1\sfml project 2\debug\npc.obj
c:\users\paweł\documents\visual studio 2015\projects\sfmlproject1\sfml project 2\debug\projectile.obj
c:\users\paweł\documents\visual studio 2015\projects\sfmlproject1\sfml project 2\debug\money.obj
c:\users\paweł\documents\visual studio 2015\projects\sfmlproject1\sfml project 2\debug\consumables.obj
c:\users\paweł\documents\visual studio 2015\projects\sfmlproject1\debug\sfml project.ilk
c:\users\paweł\documents\visual studio 2015\projects\sfmlproject1\debug\sfml project.exe
c:\users\paweł\documents\visual studio 2015\projects\sfmlproject1\debug\sfml project.pdb
c:\users\paweł\documents\visual studio 2015\projects\sfmlproject1\sfml project 2\debug\sfml project.tlog\cl.command.1.tlog
c:\users\paweł\documents\visual studio 2015\projects\sfmlproject1\sfml project 2\debug\sfml project.tlog\cl.read.1.tlog
c:\users\paweł\documents\visual studio 2015\projects\sfmlproject1\sfml project 2\debug\sfml project.tlog\cl.write.1.tlog
c:\users\paweł\documents\visual studio 2015\projects\sfmlproject1\sfml project 2\debug\sfml project.tlog\link.command.1.tlog
c:\users\paweł\documents\visual studio 2015\projects\sfmlproject1\sfml project 2\debug\sfml project.tlog\link.read.1.tlog
c:\users\paweł\documents\visual studio 2015\projects\sfmlproject1\sfml project 2\debug\sfml project.tlog\link.write.1.tlog
